Arguments: 
  /data/data/com.termux/files/usr/bin/node /data/data/com.termux/files/usr/share/yarn/bin/yarn.js install

PATH: 
  /data/data/com.termux/files/usr/bin

Yarn version: 
  1.22.19

Node version: 
  21.6.2

Platform: 
  android arm64

Trace: 
  Error: EACCES: permission denied, symlink '../../../../mkdirp/bin/cmd.js' -> '/storage/emulated/0/Documents/bot/ZackMans/node_modules/@jimp/core/node_modules/.bin/mkdirp'

npm manifest: 
  {
    "name": "ZackMans",
    "version": "1.0.0",
    "description": "gabut",
    "main": "index.js",
    "scripts": {
      "start": "node index.js"
    },
    "author": "ZackMans",
    "license": "MIT",
    "dependencies": {
      "@bochilteam/scraper-sosmed": "^1.0.5",
      "axios": "^0.27.2",
      "betabotz-tools": "^0.0.7",
      "chalk": "^4.1.2",
      "cheerio": "^1.0.0-rc.10",
      "child_process": "^1.0.2",
      "chokidar": "^3.5.3",
      "crypto": "^1.0.1",
      "encodeurl": "^1.0.2",
      "express": "^4.18.1",
      "file-type": "^16.5.3",
      "fluent-ffmpeg": "^2.1.2",
      "form-data": "^4.0.0",
      "got": "^11.8.3",
      "human-readable": "^0.2.1",
      "jimp": "^0.16.1",
      "jsdom": "^19.0.0",
      "moment-timezone": "^0.5.34",
      "node-fetch": "^2.0.0",
      "node-id3": "^0.2.3",
      "node-os-utils": "^1.3.7",
      "node-webpmux": "^3.1.3",
      "pretty-ms": "^7.0.1",
      "request": "^2.88.2",
      "socket.io": "^4.5.2",
      "steno": "^1.0.0",
      "syntax-error": "^1.4.0",
      "telegraf": "^4.16.1",
      "xzons-api": "^0.2.4",
      "yargs": "^17.5.1",
      "zs-extract": "^1.4.1"
    }
  }

yarn manifest: 
  No manifest

Lockfile: 
  No lockfile
